C:\Program Files (x86)\MSBuild\Microsoft.Cpp\v4.0\V140\Microsoft.CppBuild.targets(368,5): warning MSB8004: Output Directory does not end with a trailing slash.  This build instance will add the slash as it is required to allow proper evaluation of the Output Directory.
  Fighter.cpp
c:\dev\hyenginesample\hyengine\include\gameobject.h(102): warning C4099: 'IScene': type name first seen using 'struct' now seen using 'class'
  c:\dev\hyenginesample\hyengine\include\iscene.h(6): note: see declaration of 'IScene'
c:\dev\hyenginesample\hyengine\include\engine.h(32): warning C4099: 'IScene': type name first seen using 'struct' now seen using 'class'
  c:\dev\hyenginesample\hyengine\include\iscene.h(6): note: see declaration of 'IScene'
c:\dev\hyenginesample\hyengine\include\engine.h(72): warning C4251: 'Engine::m_levelLoadQueue': class 'std::queue<int,std::deque<_Ty,std::allocator<_Ty>>>' needs to have dll-interface to be used by clients of class 'Engine'
          with
          [
              _Ty=int
          ]
  c:\dev\hyenginesample\hyengine\include\engine.h(72): note: see declaration of 'std::queue<int,std::deque<_Ty,std::allocator<_Ty>>>'
          with
          [
              _Ty=int
          ]
c:\dev\hyenginesample\hyengine\include\engine.h(79): warning C4251: 'Engine::m_pScenes': class 'std::vector<Scene *,std::allocator<_Ty>>' needs to have dll-interface to be used by clients of class 'Engine'
          with
          [
              _Ty=Scene *
          ]
  c:\dev\hyenginesample\hyengine\include\engine.h(79): note: see declaration of 'std::vector<Scene *,std::allocator<_Ty>>'
          with
          [
              _Ty=Scene *
          ]
c:\dev\hyenginesample\hyengine\include\objloader.h(653): warning C4018: '<': signed/unsigned mismatch
c:\dev\hyenginesample\hyengine\include\objloader.h(690): warning C4018: '<': signed/unsigned mismatch
c:\dev\hyenginesample\hyengine\include\objloader.h(696): warning C4018: '<': signed/unsigned mismatch
c:\dev\hyenginesample\hyengine\include\objloader.h(950): warning C4244: 'initializing': conversion from 'double' to 'float', possible loss of data
c:\dev\hyenginesample\hyengine\source\fighter.cpp(36): warning C4018: '<': signed/unsigned mismatch
c:\dev\hyenginesample\hyengine\source\fighter.cpp(65): warning C4018: '<': signed/unsigned mismatch
  HyEngine.vcxproj -> C:\Dev\HyEngineSample\HyEngine\Bin\HyEngine.dll
  HyEngine.vcxproj -> Bin\HyEngine.pdb (Partial PDB)
