c:\dev\hyenginesample\hyengine\debug\vc140.pdb
c:\dev\hyenginesample\hyengine\debug\vc140.idb
c:\dev\hyenginesample\hyengine\debug\logicmanager.obj
c:\dev\hyenginesample\hyengine\debug\mathutils.obj
c:\dev\hyenginesample\hyengine\debug\mouse.obj
c:\dev\hyenginesample\hyengine\debug\object.obj
c:\dev\hyenginesample\hyengine\debug\path.obj
c:\dev\hyenginesample\hyengine\debug\renderer.obj
c:\dev\hyenginesample\hyengine\debug\rendermanager.obj
c:\dev\hyenginesample\hyengine\debug\renderstructs.obj
c:\dev\hyenginesample\hyengine\debug\scene.obj
c:\dev\hyenginesample\hyengine\debug\servicelocator.obj
c:\dev\hyenginesample\hyengine\debug\cstring.obj
c:\dev\hyenginesample\hyengine\debug\test.obj
c:\dev\hyenginesample\hyengine\debug\testscene.obj
c:\dev\hyenginesample\hyengine\debug\timer.obj
c:\dev\hyenginesample\hyengine\debug\transform.obj
c:\dev\hyenginesample\hyengine\debug\trianglecomponent.obj
c:\dev\hyenginesample\hyengine\debug\triangleobj.obj
c:\dev\hyenginesample\hyengine\debug\uidgen.obj
c:\dev\hyenginesample\hyengine\debug\vertexbuffer.obj
c:\dev\hyenginesample\hyengine\debug\vertextypes.obj
c:\dev\hyenginesample\hyengine\debug\application.obj
c:\dev\hyenginesample\hyengine\debug\camera.obj
c:\dev\hyenginesample\hyengine\debug\component.obj
c:\dev\hyenginesample\hyengine\debug\directxdevice.obj
c:\dev\hyenginesample\hyengine\debug\engine.obj
c:\dev\hyenginesample\hyengine\debug\eventdispatcher.obj
c:\dev\hyenginesample\hyengine\debug\fighter.obj
c:\dev\hyenginesample\hyengine\debug\gameobject.obj
c:\dev\hyenginesample\hyengine\debug\gameobjectmanager.obj
c:\dev\hyenginesample\hyengine\debug\geometryfactory.obj
c:\dev\hyenginesample\hyengine\debug\icomponent.obj
c:\dev\hyenginesample\hyengine\debug\indexbuffer.obj
c:\dev\hyenginesample\hyengine\debug\iobject.obj
c:\dev\hyenginesample\hyengine\debug\iobjectfactory.obj
c:\dev\hyenginesample\hyengine\debug\iscene.obj
c:\dev\hyenginesample\hyengine\debug\keyboard.obj
c:\dev\hyenginesample\hyengine\debug\layer.obj
c:\dev\hyenginesample\hyengine\debug\linearmath.obj
c:\dev\hyenginesample\hyengine\debug\log.obj
c:\dev\hyenginesample\hyengine\bin\hyengine.lib
c:\dev\hyenginesample\hyengine\bin\hyengine.exp
c:\dev\hyenginesample\hyengine\bin\hyengine.ilk
c:\dev\hyenginesample\hyengine\bin\hyengine.dll
c:\dev\hyenginesample\hyengine\bin\hyengine.pdb
c:\dev\hyenginesample\hyengine\debug\hyengine.tlog\cl.command.1.tlog
c:\dev\hyenginesample\hyengine\debug\hyengine.tlog\cl.read.1.tlog
c:\dev\hyenginesample\hyengine\debug\hyengine.tlog\cl.write.1.tlog
c:\dev\hyenginesample\hyengine\debug\hyengine.tlog\hyengine.write.1u.tlog
c:\dev\hyenginesample\hyengine\debug\hyengine.tlog\link.command.1.tlog
c:\dev\hyenginesample\hyengine\debug\hyengine.tlog\link.read.1.tlog
c:\dev\hyenginesample\hyengine\debug\hyengine.tlog\link.write.1.tlog
