c:\dev\hyenginesample\client\debug\vc140.pdb
c:\dev\hyenginesample\client\debug\vc140.idb
c:\dev\hyenginesample\client\debug\main.obj
c:\dev\hyenginesample\client\debug\test2.obj
c:\dev\sr_project\client\debug\vc140.pdb
c:\dev\sr_project\client\debug\vc140.idb
c:\dev\sr_project\client\debug\main.obj
c:\dev\sr_project\client\debug\test2.obj
c:\dev\sr_project\client\debug\fighter2.obj
c:\dev\sr_project\client\debug\testscene2.obj
c:\dev\sr_project\client\debug\testcomponent2.obj
c:\dev\hyenginesample\client\bin\client.ilk
c:\dev\hyenginesample\client\bin\client.exe
c:\dev\hyenginesample\client\bin\client.pdb
c:\dev\sr_project\client\debug\client.tlog\cl.command.1.tlog
c:\dev\sr_project\client\debug\client.tlog\cl.read.1.tlog
c:\dev\sr_project\client\debug\client.tlog\cl.write.1.tlog
c:\dev\sr_project\client\debug\client.tlog\link-cvtres.read.1.tlog
c:\dev\sr_project\client\debug\client.tlog\link-cvtres.write.1.tlog
c:\dev\sr_project\client\debug\client.tlog\link-rc.read.1.tlog
c:\dev\sr_project\client\debug\client.tlog\link-rc.write.1.tlog
c:\dev\sr_project\client\debug\client.tlog\link.9924-cvtres.read.1.tlog
c:\dev\sr_project\client\debug\client.tlog\link.9924-cvtres.write.1.tlog
c:\dev\sr_project\client\debug\client.tlog\link.9924-rc.read.1.tlog
c:\dev\sr_project\client\debug\client.tlog\link.9924-rc.write.1.tlog
c:\dev\sr_project\client\debug\client.tlog\link.9924.read.1.tlog
c:\dev\sr_project\client\debug\client.tlog\link.9924.write.1.tlog
c:\dev\sr_project\client\debug\client.tlog\link.command.1.tlog
c:\dev\sr_project\client\debug\client.tlog\link.read.1.tlog
c:\dev\sr_project\client\debug\client.tlog\link.write.1.tlog
