C:\Program Files (x86)\MSBuild\Microsoft.Cpp\v4.0\V140\Microsoft.CppBuild.targets(368,5): warning MSB8004: Output Directory does not end with a trailing slash.  This build instance will add the slash as it is required to allow proper evaluation of the Output Directory.
  TestScene2.cpp
c:\dev\sr_project\reference\include\linearmath.h(16): warning C4251: 'LinearMath::Vector3::Zero': struct 'D3DXVECTOR3' needs to have dll-interface to be used by clients of struct 'LinearMath::Vector3'
  c:\program files (x86)\microsoft directx sdk (june 2010)\include\d3dx9math.h(162): note: see declaration of 'D3DXVECTOR3'
c:\dev\sr_project\reference\include\linearmath.h(17): warning C4251: 'LinearMath::Vector3::Up': struct 'D3DXVECTOR3' needs to have dll-interface to be used by clients of struct 'LinearMath::Vector3'
  c:\program files (x86)\microsoft directx sdk (june 2010)\include\d3dx9math.h(162): note: see declaration of 'D3DXVECTOR3'
c:\dev\sr_project\reference\include\linearmath.h(18): warning C4251: 'LinearMath::Vector3::Down': struct 'D3DXVECTOR3' needs to have dll-interface to be used by clients of struct 'LinearMath::Vector3'
  c:\program files (x86)\microsoft directx sdk (june 2010)\include\d3dx9math.h(162): note: see declaration of 'D3DXVECTOR3'
c:\dev\sr_project\reference\include\linearmath.h(19): warning C4251: 'LinearMath::Vector3::Left': struct 'D3DXVECTOR3' needs to have dll-interface to be used by clients of struct 'LinearMath::Vector3'
  c:\program files (x86)\microsoft directx sdk (june 2010)\include\d3dx9math.h(162): note: see declaration of 'D3DXVECTOR3'
c:\dev\sr_project\reference\include\linearmath.h(20): warning C4251: 'LinearMath::Vector3::Right': struct 'D3DXVECTOR3' needs to have dll-interface to be used by clients of struct 'LinearMath::Vector3'
  c:\program files (x86)\microsoft directx sdk (june 2010)\include\d3dx9math.h(162): note: see declaration of 'D3DXVECTOR3'
c:\dev\sr_project\reference\include\linearmath.h(21): warning C4251: 'LinearMath::Vector3::Forward': struct 'D3DXVECTOR3' needs to have dll-interface to be used by clients of struct 'LinearMath::Vector3'
  c:\program files (x86)\microsoft directx sdk (june 2010)\include\d3dx9math.h(162): note: see declaration of 'D3DXVECTOR3'
c:\dev\sr_project\reference\include\linearmath.h(22): warning C4251: 'LinearMath::Vector3::Back': struct 'D3DXVECTOR3' needs to have dll-interface to be used by clients of struct 'LinearMath::Vector3'
  c:\program files (x86)\microsoft directx sdk (june 2010)\include\d3dx9math.h(162): note: see declaration of 'D3DXVECTOR3'
c:\dev\sr_project\reference\include\linearmath.h(23): warning C4251: 'LinearMath::Vector3::One': struct 'D3DXVECTOR3' needs to have dll-interface to be used by clients of struct 'LinearMath::Vector3'
  c:\program files (x86)\microsoft directx sdk (june 2010)\include\d3dx9math.h(162): note: see declaration of 'D3DXVECTOR3'
c:\dev\sr_project\reference\include\linearmath.h(60): warning C4251: 'LinearMath::Vector3::m_vector3': struct 'D3DXVECTOR3' needs to have dll-interface to be used by clients of struct 'LinearMath::Vector3'
  c:\program files (x86)\microsoft directx sdk (june 2010)\include\d3dx9math.h(162): note: see declaration of 'D3DXVECTOR3'
c:\dev\sr_project\reference\include\linearmath.h(65): warning C4251: 'LinearMath::Vector2::Zero': struct 'D3DXVECTOR2' needs to have dll-interface to be used by clients of struct 'LinearMath::Vector2'
  c:\program files (x86)\microsoft directx sdk (june 2010)\include\d3dx9math.h(88): note: see declaration of 'D3DXVECTOR2'
c:\dev\sr_project\reference\include\linearmath.h(66): warning C4251: 'LinearMath::Vector2::Up': struct 'D3DXVECTOR2' needs to have dll-interface to be used by clients of struct 'LinearMath::Vector2'
  c:\program files (x86)\microsoft directx sdk (june 2010)\include\d3dx9math.h(88): note: see declaration of 'D3DXVECTOR2'
c:\dev\sr_project\reference\include\linearmath.h(67): warning C4251: 'LinearMath::Vector2::Down': struct 'D3DXVECTOR2' needs to have dll-interface to be used by clients of struct 'LinearMath::Vector2'
  c:\program files (x86)\microsoft directx sdk (june 2010)\include\d3dx9math.h(88): note: see declaration of 'D3DXVECTOR2'
c:\dev\sr_project\reference\include\linearmath.h(68): warning C4251: 'LinearMath::Vector2::Left': struct 'D3DXVECTOR2' needs to have dll-interface to be used by clients of struct 'LinearMath::Vector2'
  c:\program files (x86)\microsoft directx sdk (june 2010)\include\d3dx9math.h(88): note: see declaration of 'D3DXVECTOR2'
c:\dev\sr_project\reference\include\linearmath.h(69): warning C4251: 'LinearMath::Vector2::Right': struct 'D3DXVECTOR2' needs to have dll-interface to be used by clients of struct 'LinearMath::Vector2'
  c:\program files (x86)\microsoft directx sdk (june 2010)\include\d3dx9math.h(88): note: see declaration of 'D3DXVECTOR2'
c:\dev\sr_project\reference\include\linearmath.h(100): warning C4251: 'LinearMath::Vector2::m_vector': struct 'D3DXVECTOR2' needs to have dll-interface to be used by clients of struct 'LinearMath::Vector2'
  c:\program files (x86)\microsoft directx sdk (june 2010)\include\d3dx9math.h(88): note: see declaration of 'D3DXVECTOR2'
c:\dev\sr_project\reference\include\object.h(37): warning C4251: 'Object::m_name': class 'std::basic_string<wchar_t,std::char_traits<wchar_t>,std::allocator<wchar_t>>' needs to have dll-interface to be used by clients of class 'Object'
  c:\program files (x86)\microsoft visual studio 14.0\vc\include\xstring(2635): note: see declaration of 'std::basic_string<wchar_t,std::char_traits<wchar_t>,std::allocator<wchar_t>>'
c:\dev\sr_project\reference\include\object.h(19): warning C4244: 'return': conversion from 'LONGLONG' to 'UINT', possible loss of data
c:\dev\sr_project\reference\include\gameobject.h(110): warning C4251: 'GameObject::m_tag': class 'std::basic_string<wchar_t,std::char_traits<wchar_t>,std::allocator<wchar_t>>' needs to have dll-interface to be used by clients of class 'GameObject'
  c:\program files (x86)\microsoft visual studio 14.0\vc\include\xstring(2635): note: see declaration of 'std::basic_string<wchar_t,std::char_traits<wchar_t>,std::allocator<wchar_t>>'
c:\dev\sr_project\reference\include\gameobject.h(119): warning C4251: 'GameObject::m_components': class 'std::vector<Component *,std::allocator<_Ty>>' needs to have dll-interface to be used by clients of class 'GameObject'
          with
          [
              _Ty=Component *
          ]
  c:\dev\sr_project\reference\include\gameobject.h(61): note: see declaration of 'std::vector<Component *,std::allocator<_Ty>>'
          with
          [
              _Ty=Component *
          ]
c:\dev\sr_project\reference\include\scene.h(53): warning C4251: 'Scene::m_opaqueObjects': class 'std::vector<GameObject *,std::allocator<_Ty>>' needs to have dll-interface to be used by clients of class 'Scene'
          with
          [
              _Ty=GameObject *
          ]
  c:\dev\sr_project\reference\include\scene.h(53): note: see declaration of 'std::vector<GameObject *,std::allocator<_Ty>>'
          with
          [
              _Ty=GameObject *
          ]
c:\dev\sr_project\reference\include\scene.h(54): warning C4251: 'Scene::m_alphaObjects': class 'std::vector<GameObject *,std::allocator<_Ty>>' needs to have dll-interface to be used by clients of class 'Scene'
          with
          [
              _Ty=GameObject *
          ]
  c:\dev\sr_project\reference\include\scene.h(53): note: see declaration of 'std::vector<GameObject *,std::allocator<_Ty>>'
          with
          [
              _Ty=GameObject *
          ]
c:\dev\sr_project\reference\include\datastructures.h(28): warning C4251: 'EngineConfig::scenes': class 'std::vector<Scene *,std::allocator<_Ty>>' needs to have dll-interface to be used by clients of struct 'EngineConfig'
          with
          [
              _Ty=Scene *
          ]
  c:\dev\sr_project\reference\include\datastructures.h(28): note: see declaration of 'std::vector<Scene *,std::allocator<_Ty>>'
          with
          [
              _Ty=Scene *
          ]
c:\dev\sr_project\reference\include\updatedispatcher.h(31): warning C4018: '<': signed/unsigned mismatch
c:\dev\sr_project\reference\include\updatedispatcher.h(43): warning C4018: '<': signed/unsigned mismatch
c:\dev\sr_project\reference\include\engine.h(78): warning C4251: 'Engine::m_scenes': class 'std::vector<Scene *,std::allocator<_Ty>>' needs to have dll-interface to be used by clients of class 'Engine'
          with
          [
              _Ty=Scene *
          ]
  c:\dev\sr_project\reference\include\datastructures.h(28): note: see declaration of 'std::vector<Scene *,std::allocator<_Ty>>'
          with
          [
              _Ty=Scene *
          ]
c:\dev\sr_project\reference\include\component.h(59): warning C4251: 'Component::m_tag': class 'std::basic_string<wchar_t,std::char_traits<wchar_t>,std::allocator<wchar_t>>' needs to have dll-interface to be used by clients of class 'Component'
  c:\program files (x86)\microsoft visual studio 14.0\vc\include\xstring(2635): note: see declaration of 'std::basic_string<wchar_t,std::char_traits<wchar_t>,std::allocator<wchar_t>>'
c:\dev\sr_project\reference\include\renderer.h(22): warning C4099: 'IRenderable': type name first seen using 'struct' now seen using 'class'
  c:\dev\sr_project\reference\include\irenderable.h(4): note: see declaration of 'IRenderable'
c:\dev\sr_project\reference\include\renderer.h(23): warning C4099: 'IRenderable': type name first seen using 'struct' now seen using 'class'
  c:\dev\sr_project\reference\include\irenderable.h(4): note: see declaration of 'IRenderable'
  Fighter2.cpp
c:\dev\sr_project\reference\include\linearmath.h(16): warning C4251: 'LinearMath::Vector3::Zero': struct 'D3DXVECTOR3' needs to have dll-interface to be used by clients of struct 'LinearMath::Vector3'
  c:\program files (x86)\microsoft directx sdk (june 2010)\include\d3dx9math.h(162): note: see declaration of 'D3DXVECTOR3'
c:\dev\sr_project\reference\include\linearmath.h(17): warning C4251: 'LinearMath::Vector3::Up': struct 'D3DXVECTOR3' needs to have dll-interface to be used by clients of struct 'LinearMath::Vector3'
  c:\program files (x86)\microsoft directx sdk (june 2010)\include\d3dx9math.h(162): note: see declaration of 'D3DXVECTOR3'
c:\dev\sr_project\reference\include\linearmath.h(18): warning C4251: 'LinearMath::Vector3::Down': struct 'D3DXVECTOR3' needs to have dll-interface to be used by clients of struct 'LinearMath::Vector3'
  c:\program files (x86)\microsoft directx sdk (june 2010)\include\d3dx9math.h(162): note: see declaration of 'D3DXVECTOR3'
c:\dev\sr_project\reference\include\linearmath.h(19): warning C4251: 'LinearMath::Vector3::Left': struct 'D3DXVECTOR3' needs to have dll-interface to be used by clients of struct 'LinearMath::Vector3'
  c:\program files (x86)\microsoft directx sdk (june 2010)\include\d3dx9math.h(162): note: see declaration of 'D3DXVECTOR3'
c:\dev\sr_project\reference\include\linearmath.h(20): warning C4251: 'LinearMath::Vector3::Right': struct 'D3DXVECTOR3' needs to have dll-interface to be used by clients of struct 'LinearMath::Vector3'
  c:\program files (x86)\microsoft directx sdk (june 2010)\include\d3dx9math.h(162): note: see declaration of 'D3DXVECTOR3'
c:\dev\sr_project\reference\include\linearmath.h(21): warning C4251: 'LinearMath::Vector3::Forward': struct 'D3DXVECTOR3' needs to have dll-interface to be used by clients of struct 'LinearMath::Vector3'
  c:\program files (x86)\microsoft directx sdk (june 2010)\include\d3dx9math.h(162): note: see declaration of 'D3DXVECTOR3'
c:\dev\sr_project\reference\include\linearmath.h(22): warning C4251: 'LinearMath::Vector3::Back': struct 'D3DXVECTOR3' needs to have dll-interface to be used by clients of struct 'LinearMath::Vector3'
  c:\program files (x86)\microsoft directx sdk (june 2010)\include\d3dx9math.h(162): note: see declaration of 'D3DXVECTOR3'
c:\dev\sr_project\reference\include\linearmath.h(23): warning C4251: 'LinearMath::Vector3::One': struct 'D3DXVECTOR3' needs to have dll-interface to be used by clients of struct 'LinearMath::Vector3'
  c:\program files (x86)\microsoft directx sdk (june 2010)\include\d3dx9math.h(162): note: see declaration of 'D3DXVECTOR3'
c:\dev\sr_project\reference\include\linearmath.h(60): warning C4251: 'LinearMath::Vector3::m_vector3': struct 'D3DXVECTOR3' needs to have dll-interface to be used by clients of struct 'LinearMath::Vector3'
  c:\program files (x86)\microsoft directx sdk (june 2010)\include\d3dx9math.h(162): note: see declaration of 'D3DXVECTOR3'
c:\dev\sr_project\reference\include\linearmath.h(65): warning C4251: 'LinearMath::Vector2::Zero': struct 'D3DXVECTOR2' needs to have dll-interface to be used by clients of struct 'LinearMath::Vector2'
  c:\program files (x86)\microsoft directx sdk (june 2010)\include\d3dx9math.h(88): note: see declaration of 'D3DXVECTOR2'
c:\dev\sr_project\reference\include\linearmath.h(66): warning C4251: 'LinearMath::Vector2::Up': struct 'D3DXVECTOR2' needs to have dll-interface to be used by clients of struct 'LinearMath::Vector2'
  c:\program files (x86)\microsoft directx sdk (june 2010)\include\d3dx9math.h(88): note: see declaration of 'D3DXVECTOR2'
c:\dev\sr_project\reference\include\linearmath.h(67): warning C4251: 'LinearMath::Vector2::Down': struct 'D3DXVECTOR2' needs to have dll-interface to be used by clients of struct 'LinearMath::Vector2'
  c:\program files (x86)\microsoft directx sdk (june 2010)\include\d3dx9math.h(88): note: see declaration of 'D3DXVECTOR2'
c:\dev\sr_project\reference\include\linearmath.h(68): warning C4251: 'LinearMath::Vector2::Left': struct 'D3DXVECTOR2' needs to have dll-interface to be used by clients of struct 'LinearMath::Vector2'
  c:\program files (x86)\microsoft directx sdk (june 2010)\include\d3dx9math.h(88): note: see declaration of 'D3DXVECTOR2'
c:\dev\sr_project\reference\include\linearmath.h(69): warning C4251: 'LinearMath::Vector2::Right': struct 'D3DXVECTOR2' needs to have dll-interface to be used by clients of struct 'LinearMath::Vector2'
  c:\program files (x86)\microsoft directx sdk (june 2010)\include\d3dx9math.h(88): note: see declaration of 'D3DXVECTOR2'
c:\dev\sr_project\reference\include\linearmath.h(100): warning C4251: 'LinearMath::Vector2::m_vector': struct 'D3DXVECTOR2' needs to have dll-interface to be used by clients of struct 'LinearMath::Vector2'
  c:\program files (x86)\microsoft directx sdk (june 2010)\include\d3dx9math.h(88): note: see declaration of 'D3DXVECTOR2'
c:\dev\sr_project\reference\include\object.h(37): warning C4251: 'Object::m_name': class 'std::basic_string<wchar_t,std::char_traits<wchar_t>,std::allocator<wchar_t>>' needs to have dll-interface to be used by clients of class 'Object'
  c:\program files (x86)\microsoft visual studio 14.0\vc\include\xstring(2635): note: see declaration of 'std::basic_string<wchar_t,std::char_traits<wchar_t>,std::allocator<wchar_t>>'
c:\dev\sr_project\reference\include\object.h(19): warning C4244: 'return': conversion from 'LONGLONG' to 'UINT', possible loss of data
c:\dev\sr_project\reference\include\gameobject.h(110): warning C4251: 'GameObject::m_tag': class 'std::basic_string<wchar_t,std::char_traits<wchar_t>,std::allocator<wchar_t>>' needs to have dll-interface to be used by clients of class 'GameObject'
  c:\program files (x86)\microsoft visual studio 14.0\vc\include\xstring(2635): note: see declaration of 'std::basic_string<wchar_t,std::char_traits<wchar_t>,std::allocator<wchar_t>>'
c:\dev\sr_project\reference\include\gameobject.h(119): warning C4251: 'GameObject::m_components': class 'std::vector<Component *,std::allocator<_Ty>>' needs to have dll-interface to be used by clients of class 'GameObject'
          with
          [
              _Ty=Component *
          ]
  c:\dev\sr_project\reference\include\gameobject.h(61): note: see declaration of 'std::vector<Component *,std::allocator<_Ty>>'
          with
          [
              _Ty=Component *
          ]
c:\dev\sr_project\reference\include\scene.h(53): warning C4251: 'Scene::m_opaqueObjects': class 'std::vector<GameObject *,std::allocator<_Ty>>' needs to have dll-interface to be used by clients of class 'Scene'
          with
          [
              _Ty=GameObject *
          ]
  c:\dev\sr_project\reference\include\scene.h(53): note: see declaration of 'std::vector<GameObject *,std::allocator<_Ty>>'
          with
          [
              _Ty=GameObject *
          ]
c:\dev\sr_project\reference\include\scene.h(54): warning C4251: 'Scene::m_alphaObjects': class 'std::vector<GameObject *,std::allocator<_Ty>>' needs to have dll-interface to be used by clients of class 'Scene'
          with
          [
              _Ty=GameObject *
          ]
  c:\dev\sr_project\reference\include\scene.h(53): note: see declaration of 'std::vector<GameObject *,std::allocator<_Ty>>'
          with
          [
              _Ty=GameObject *
          ]
c:\dev\sr_project\reference\include\datastructures.h(28): warning C4251: 'EngineConfig::scenes': class 'std::vector<Scene *,std::allocator<_Ty>>' needs to have dll-interface to be used by clients of struct 'EngineConfig'
          with
          [
              _Ty=Scene *
          ]
  c:\dev\sr_project\reference\include\datastructures.h(28): note: see declaration of 'std::vector<Scene *,std::allocator<_Ty>>'
          with
          [
              _Ty=Scene *
          ]
c:\dev\sr_project\reference\include\updatedispatcher.h(31): warning C4018: '<': signed/unsigned mismatch
c:\dev\sr_project\reference\include\updatedispatcher.h(43): warning C4018: '<': signed/unsigned mismatch
c:\dev\sr_project\reference\include\engine.h(78): warning C4251: 'Engine::m_scenes': class 'std::vector<Scene *,std::allocator<_Ty>>' needs to have dll-interface to be used by clients of class 'Engine'
          with
          [
              _Ty=Scene *
          ]
  c:\dev\sr_project\reference\include\datastructures.h(28): note: see declaration of 'std::vector<Scene *,std::allocator<_Ty>>'
          with
          [
              _Ty=Scene *
          ]
c:\dev\sr_project\reference\include\component.h(59): warning C4251: 'Component::m_tag': class 'std::basic_string<wchar_t,std::char_traits<wchar_t>,std::allocator<wchar_t>>' needs to have dll-interface to be used by clients of class 'Component'
  c:\program files (x86)\microsoft visual studio 14.0\vc\include\xstring(2635): note: see declaration of 'std::basic_string<wchar_t,std::char_traits<wchar_t>,std::allocator<wchar_t>>'
c:\dev\sr_project\reference\include\objloader.h(653): warning C4018: '<': signed/unsigned mismatch
c:\dev\sr_project\reference\include\objloader.h(690): warning C4018: '<': signed/unsigned mismatch
c:\dev\sr_project\reference\include\objloader.h(696): warning C4018: '<': signed/unsigned mismatch
c:\dev\sr_project\reference\include\objloader.h(950): warning C4244: 'initializing': conversion from 'double' to 'float', possible loss of data
  Generating Code...
  Client.vcxproj -> C:\Dev\SR_Project\Client\Bin\Client.exe
  Client.vcxproj -> Bin\Client.pdb (Partial PDB)
